<?xml version="1.0" encoding="UTF-8"?>
<testng-results ignored="0" total="14" passed="13" failed="1" skipped="0">
  <reporter-output>
  </reporter-output>
  <suite started-at="2025-09-23T21:05:34 IST" name="Suite" finished-at="2025-09-23T21:06:48 IST" duration-ms="74344">
    <groups>
    </groups>
    <test started-at="2025-09-23T21:05:34 IST" name="Test" finished-at="2025-09-23T21:06:48 IST" duration-ms="74344">
      <class name="tests.Login">
        <test-method is-config="true" signature="setup()[pri:0, instance:tests.Login@44c03695]" started-at="2025-09-23T21:06:06 IST" name="setup" finished-at="2025-09-23T21:06:08 IST" duration-ms="2374" status="PASS">
          <reporter-output>
          </reporter-output>
        </test-method> <!-- setup -->
        <test-method signature="verifyLoginWithValidCredentias()[pri:1, instance:tests.Login@44c03695]" started-at="2025-09-23T21:06:08 IST" name="verifyLoginWithValidCredentias" finished-at="2025-09-23T21:06:10 IST" duration-ms="1603" status="FAIL">
          <exception class="java.lang.AssertionError">
            <message>
              <![CDATA[expected [My Account XYZ] but found [My Account]]]>
            </message>
            <full-stacktrace>
              <![CDATA[java.lang.AssertionError: expected [My Account XYZ] but found [My Account]
at org.testng.Assert.fail(Assert.java:111)
at org.testng.Assert.failNotEquals(Assert.java:1590)
at org.testng.Assert.assertEqualsImpl(Assert.java:150)
at org.testng.Assert.assertEquals(Assert.java:132)
at org.testng.Assert.assertEquals(Assert.java:656)
at org.testng.Assert.assertEquals(Assert.java:666)
at tests.Login.verifyLoginWithValidCredentias(Login.java:43)
at java.base/jdk.internal.reflect.DirectMethodHandleAccessor.invoke(DirectMethodHandleAccessor.java:103)
at java.base/java.lang.reflect.Method.invoke(Method.java:580)
at org.testng.internal.invokers.MethodInvocationHelper.invokeMethod(MethodInvocationHelper.java:141)
at org.testng.internal.invokers.TestInvoker.invokeMethod(TestInvoker.java:687)
at org.testng.internal.invokers.TestInvoker.invokeTestMethod(TestInvoker.java:230)
at org.testng.internal.invokers.MethodRunner.runInSequence(MethodRunner.java:63)
at org.testng.internal.invokers.TestInvoker$MethodInvocationAgent.invoke(TestInvoker.java:995)
at org.testng.internal.invokers.TestInvoker.invokeTestMethods(TestInvoker.java:203)
at org.testng.internal.invokers.TestMethodWorker.invokeTestMethods(TestMethodWorker.java:154)
at org.testng.internal.invokers.TestMethodWorker.run(TestMethodWorker.java:134)
at java.base/java.util.ArrayList.forEach(ArrayList.java:1596)
at org.testng.TestRunner.privateRun(TestRunner.java:741)
at org.testng.TestRunner.run(TestRunner.java:616)
at org.testng.SuiteRunner.runTest(SuiteRunner.java:421)
at org.testng.SuiteRunner.runSequentially(SuiteRunner.java:413)
at org.testng.SuiteRunner.privateRun(SuiteRunner.java:373)
at org.testng.SuiteRunner.run(SuiteRunner.java:312)
at org.testng.SuiteRunnerWorker.runSuite(SuiteRunnerWorker.java:52)
at org.testng.SuiteRunnerWorker.run(SuiteRunnerWorker.java:95)
at org.testng.TestNG.runSuitesSequentially(TestNG.java:1274)
at org.testng.TestNG.runSuitesLocally(TestNG.java:1208)
at org.testng.TestNG.runSuites(TestNG.java:1112)
at org.testng.TestNG.run(TestNG.java:1079)
at org.testng.remote.AbstractRemoteTestNG.run(AbstractRemoteTestNG.java:115)
at org.testng.remote.RemoteTestNG.initAndRun(RemoteTestNG.java:293)
at org.testng.remote.RemoteTestNG.main(RemoteTestNG.java:91)
]]>
            </full-stacktrace>
          </exception> <!-- java.lang.AssertionError -->
          <reporter-output>
          </reporter-output>
        </test-method> <!-- verifyLoginWithValidCredentias -->
        <test-method is-config="true" signature="teardown()[pri:0, instance:tests.Login@44c03695]" started-at="2025-09-23T21:06:10 IST" name="teardown" finished-at="2025-09-23T21:06:11 IST" duration-ms="291" status="PASS">
          <reporter-output>
          </reporter-output>
        </test-method> <!-- teardown -->
        <test-method is-config="true" signature="setup()[pri:0, instance:tests.Login@44c03695]" started-at="2025-09-23T21:06:11 IST" name="setup" finished-at="2025-09-23T21:06:13 IST" duration-ms="2438" status="PASS">
          <reporter-output>
          </reporter-output>
        </test-method> <!-- setup -->
        <test-method signature="verifyLoginWithInvalidCredentials()[pri:2, instance:tests.Login@44c03695]" started-at="2025-09-23T21:06:13 IST" name="verifyLoginWithInvalidCredentials" finished-at="2025-09-23T21:06:15 IST" duration-ms="1590" status="PASS">
          <reporter-output>
          </reporter-output>
        </test-method> <!-- verifyLoginWithInvalidCredentials -->
        <test-method is-config="true" signature="teardown()[pri:0, instance:tests.Login@44c03695]" started-at="2025-09-23T21:06:15 IST" name="teardown" finished-at="2025-09-23T21:06:15 IST" duration-ms="253" status="PASS">
          <reporter-output>
          </reporter-output>
        </test-method> <!-- teardown -->
        <test-method is-config="true" signature="setup()[pri:0, instance:tests.Login@44c03695]" started-at="2025-09-23T21:06:15 IST" name="setup" finished-at="2025-09-23T21:06:17 IST" duration-ms="2437" status="PASS">
          <reporter-output>
          </reporter-output>
        </test-method> <!-- setup -->
        <test-method signature="verifyLoginWithInvalidEmailAndValidPassword()[pri:3, instance:tests.Login@44c03695]" started-at="2025-09-23T21:06:17 IST" name="verifyLoginWithInvalidEmailAndValidPassword" finished-at="2025-09-23T21:06:19 IST" duration-ms="1543" status="PASS">
          <reporter-output>
          </reporter-output>
        </test-method> <!-- verifyLoginWithInvalidEmailAndValidPassword -->
        <test-method is-config="true" signature="teardown()[pri:0, instance:tests.Login@44c03695]" started-at="2025-09-23T21:06:19 IST" name="teardown" finished-at="2025-09-23T21:06:19 IST" duration-ms="198" status="PASS">
          <reporter-output>
          </reporter-output>
        </test-method> <!-- teardown -->
        <test-method is-config="true" signature="setup()[pri:0, instance:tests.Login@44c03695]" started-at="2025-09-23T21:06:19 IST" name="setup" finished-at="2025-09-23T21:06:21 IST" duration-ms="2412" status="PASS">
          <reporter-output>
          </reporter-output>
        </test-method> <!-- setup -->
        <test-method signature="verifyLoginWithValidEmailAndInvalidPassword()[pri:4, instance:tests.Login@44c03695]" started-at="2025-09-23T21:06:21 IST" name="verifyLoginWithValidEmailAndInvalidPassword" finished-at="2025-09-23T21:06:23 IST" duration-ms="1789" status="PASS">
          <reporter-output>
          </reporter-output>
        </test-method> <!-- verifyLoginWithValidEmailAndInvalidPassword -->
        <test-method is-config="true" signature="teardown()[pri:0, instance:tests.Login@44c03695]" started-at="2025-09-23T21:06:23 IST" name="teardown" finished-at="2025-09-23T21:06:23 IST" duration-ms="230" status="PASS">
          <reporter-output>
          </reporter-output>
        </test-method> <!-- teardown -->
        <test-method is-config="true" signature="setup()[pri:0, instance:tests.Login@44c03695]" started-at="2025-09-23T21:06:23 IST" name="setup" finished-at="2025-09-23T21:06:26 IST" duration-ms="2877" status="PASS">
          <reporter-output>
          </reporter-output>
        </test-method> <!-- setup -->
        <test-method signature="verifyLoginWithoutEnteringAnyCredentials()[pri:5, instance:tests.Login@44c03695]" started-at="2025-09-23T21:06:26 IST" name="verifyLoginWithoutEnteringAnyCredentials" finished-at="2025-09-23T21:06:27 IST" duration-ms="1100" status="PASS">
          <reporter-output>
          </reporter-output>
        </test-method> <!-- verifyLoginWithoutEnteringAnyCredentials -->
        <test-method is-config="true" signature="teardown()[pri:0, instance:tests.Login@44c03695]" started-at="2025-09-23T21:06:27 IST" name="teardown" finished-at="2025-09-23T21:06:28 IST" duration-ms="270" status="PASS">
          <reporter-output>
          </reporter-output>
        </test-method> <!-- teardown -->
      </class> <!-- tests.Login -->
      <class name="tests.Search">
        <test-method is-config="true" signature="setup()[pri:0, instance:tests.Search@dd05255]" started-at="2025-09-23T21:06:40 IST" name="setup" finished-at="2025-09-23T21:06:42 IST" duration-ms="1806" status="PASS">
          <reporter-output>
          </reporter-output>
        </test-method> <!-- setup -->
        <test-method signature="verifySearchingWithExistingProductName()[pri:1, instance:tests.Search@dd05255]" started-at="2025-09-23T21:06:42 IST" name="verifySearchingWithExistingProductName" finished-at="2025-09-23T21:06:42 IST" duration-ms="630" status="PASS">
          <reporter-output>
          </reporter-output>
        </test-method> <!-- verifySearchingWithExistingProductName -->
        <test-method is-config="true" signature="teardown()[pri:0, instance:tests.Search@dd05255]" started-at="2025-09-23T21:06:42 IST" name="teardown" finished-at="2025-09-23T21:06:43 IST" duration-ms="251" status="PASS">
          <reporter-output>
          </reporter-output>
        </test-method> <!-- teardown -->
        <test-method is-config="true" signature="setup()[pri:0, instance:tests.Search@dd05255]" started-at="2025-09-23T21:06:43 IST" name="setup" finished-at="2025-09-23T21:06:45 IST" duration-ms="1983" status="PASS">
          <reporter-output>
          </reporter-output>
        </test-method> <!-- setup -->
        <test-method signature="verifySearchingWithNonExistingProductName()[pri:2, instance:tests.Search@dd05255]" started-at="2025-09-23T21:06:45 IST" name="verifySearchingWithNonExistingProductName" finished-at="2025-09-23T21:06:45 IST" duration-ms="749" status="PASS">
          <reporter-output>
          </reporter-output>
        </test-method> <!-- verifySearchingWithNonExistingProductName -->
        <test-method is-config="true" signature="teardown()[pri:0, instance:tests.Search@dd05255]" started-at="2025-09-23T21:06:45 IST" name="teardown" finished-at="2025-09-23T21:06:46 IST" duration-ms="276" status="PASS">
          <reporter-output>
          </reporter-output>
        </test-method> <!-- teardown -->
        <test-method is-config="true" signature="setup()[pri:0, instance:tests.Search@dd05255]" started-at="2025-09-23T21:06:46 IST" name="setup" finished-at="2025-09-23T21:06:47 IST" duration-ms="1805" status="PASS">
          <reporter-output>
          </reporter-output>
        </test-method> <!-- setup -->
        <test-method signature="verifySearchingWithoutProvidingAnyProductName()[pri:3, instance:tests.Search@dd05255]" started-at="2025-09-23T21:06:47 IST" name="verifySearchingWithoutProvidingAnyProductName" finished-at="2025-09-23T21:06:48 IST" duration-ms="425" status="PASS">
          <reporter-output>
          </reporter-output>
        </test-method> <!-- verifySearchingWithoutProvidingAnyProductName -->
        <test-method is-config="true" signature="teardown()[pri:0, instance:tests.Search@dd05255]" started-at="2025-09-23T21:06:48 IST" name="teardown" finished-at="2025-09-23T21:06:48 IST" duration-ms="259" status="PASS">
          <reporter-output>
          </reporter-output>
        </test-method> <!-- teardown -->
      </class> <!-- tests.Search -->
      <class name="tests.Logout">
        <test-method is-config="true" signature="setup()[pri:0, instance:tests.Logout@7e6f74c]" started-at="2025-09-23T21:06:28 IST" name="setup" finished-at="2025-09-23T21:06:29 IST" duration-ms="1772" status="PASS">
          <reporter-output>
          </reporter-output>
        </test-method> <!-- setup -->
        <test-method signature="logoutFromMyAccountDropMenu()[pri:1, instance:tests.Logout@7e6f74c]" started-at="2025-09-23T21:06:29 IST" name="logoutFromMyAccountDropMenu" finished-at="2025-09-23T21:06:33 IST" duration-ms="3582" status="PASS">
          <reporter-output>
          </reporter-output>
        </test-method> <!-- logoutFromMyAccountDropMenu -->
        <test-method is-config="true" signature="teardown()[pri:0, instance:tests.Logout@7e6f74c]" started-at="2025-09-23T21:06:33 IST" name="teardown" finished-at="2025-09-23T21:06:33 IST" duration-ms="290" status="PASS">
          <reporter-output>
          </reporter-output>
        </test-method> <!-- teardown -->
        <test-method is-config="true" signature="setup()[pri:0, instance:tests.Logout@7e6f74c]" started-at="2025-09-23T21:06:33 IST" name="setup" finished-at="2025-09-23T21:06:35 IST" duration-ms="2009" status="PASS">
          <reporter-output>
          </reporter-output>
        </test-method> <!-- setup -->
        <test-method signature="logoutFromRightColumnOptions()[pri:2, instance:tests.Logout@7e6f74c]" started-at="2025-09-23T21:06:35 IST" name="logoutFromRightColumnOptions" finished-at="2025-09-23T21:06:40 IST" duration-ms="4211" status="PASS">
          <reporter-output>
          </reporter-output>
        </test-method> <!-- logoutFromRightColumnOptions -->
        <test-method is-config="true" signature="teardown()[pri:0, instance:tests.Logout@7e6f74c]" started-at="2025-09-23T21:06:40 IST" name="teardown" finished-at="2025-09-23T21:06:40 IST" duration-ms="320" status="PASS">
          <reporter-output>
          </reporter-output>
        </test-method> <!-- teardown -->
      </class> <!-- tests.Logout -->
      <class name="tests.Register">
        <test-method is-config="true" signature="setup()[pri:0, instance:tests.Register@77888435]" started-at="2025-09-23T21:05:34 IST" name="setup" finished-at="2025-09-23T21:05:37 IST" duration-ms="3336" status="PASS">
          <reporter-output>
          </reporter-output>
        </test-method> <!-- setup -->
        <test-method signature="verifyRegisterAccountUsingMandatoryFields()[pri:1, instance:tests.Register@77888435]" started-at="2025-09-23T21:05:37 IST" name="verifyRegisterAccountUsingMandatoryFields" finished-at="2025-09-23T21:05:41 IST" duration-ms="3899" status="PASS">
          <reporter-output>
          </reporter-output>
        </test-method> <!-- verifyRegisterAccountUsingMandatoryFields -->
        <test-method is-config="true" signature="teardown()[pri:0, instance:tests.Register@77888435]" started-at="2025-09-23T21:05:41 IST" name="teardown" finished-at="2025-09-23T21:05:42 IST" duration-ms="275" status="PASS">
          <reporter-output>
          </reporter-output>
        </test-method> <!-- teardown -->
        <test-method is-config="true" signature="setup()[pri:0, instance:tests.Register@77888435]" started-at="2025-09-23T21:05:42 IST" name="setup" finished-at="2025-09-23T21:05:45 IST" duration-ms="3581" status="PASS">
          <reporter-output>
          </reporter-output>
        </test-method> <!-- setup -->
        <test-method signature="verifyRegisteringAnAccountByProvidingAllTheFields()[pri:2, instance:tests.Register@77888435]" started-at="2025-09-23T21:05:45 IST" name="verifyRegisteringAnAccountByProvidingAllTheFields" finished-at="2025-09-23T21:05:50 IST" duration-ms="5006" status="PASS">
          <reporter-output>
          </reporter-output>
        </test-method> <!-- verifyRegisteringAnAccountByProvidingAllTheFields -->
        <test-method is-config="true" signature="teardown()[pri:0, instance:tests.Register@77888435]" started-at="2025-09-23T21:05:50 IST" name="teardown" finished-at="2025-09-23T21:05:50 IST" duration-ms="316" status="PASS">
          <reporter-output>
          </reporter-output>
        </test-method> <!-- teardown -->
        <test-method is-config="true" signature="setup()[pri:0, instance:tests.Register@77888435]" started-at="2025-09-23T21:05:50 IST" name="setup" finished-at="2025-09-23T21:05:53 IST" duration-ms="2509" status="PASS">
          <reporter-output>
          </reporter-output>
        </test-method> <!-- setup -->
        <test-method signature="verifyRegisteringBySubscribingToNewsletter()[pri:3, instance:tests.Register@77888435]" started-at="2025-09-23T21:05:53 IST" name="verifyRegisteringBySubscribingToNewsletter" finished-at="2025-09-23T21:05:58 IST" duration-ms="5213" status="PASS">
          <reporter-output>
          </reporter-output>
        </test-method> <!-- verifyRegisteringBySubscribingToNewsletter -->
        <test-method is-config="true" signature="teardown()[pri:0, instance:tests.Register@77888435]" started-at="2025-09-23T21:05:58 IST" name="teardown" finished-at="2025-09-23T21:05:58 IST" duration-ms="304" status="PASS">
          <reporter-output>
          </reporter-output>
        </test-method> <!-- teardown -->
        <test-method is-config="true" signature="setup()[pri:0, instance:tests.Register@77888435]" started-at="2025-09-23T21:05:58 IST" name="setup" finished-at="2025-09-23T21:06:01 IST" duration-ms="2676" status="PASS">
          <reporter-output>
          </reporter-output>
        </test-method> <!-- setup -->
        <test-method signature="verifyRegistringByNotSubscribingToNewsletter()[pri:4, instance:tests.Register@77888435]" started-at="2025-09-23T21:06:01 IST" name="verifyRegistringByNotSubscribingToNewsletter" finished-at="2025-09-23T21:06:06 IST" duration-ms="4560" status="PASS">
          <reporter-output>
          </reporter-output>
        </test-method> <!-- verifyRegistringByNotSubscribingToNewsletter -->
        <test-method is-config="true" signature="teardown()[pri:0, instance:tests.Register@77888435]" started-at="2025-09-23T21:06:06 IST" name="teardown" finished-at="2025-09-23T21:06:06 IST" duration-ms="294" status="PASS">
          <reporter-output>
          </reporter-output>
        </test-method> <!-- teardown -->
      </class> <!-- tests.Register -->
    </test> <!-- Test -->
  </suite> <!-- Suite -->
</testng-results>
